-------------------------------------------------------------------------------
Test set: com.springbootpaytmpayment.SpringBootPaytmPaymentApplicationTests
-------------------------------------------------------------------------------
Tests run: 1, Failures: 0, Errors: 1, Skipped: 0, Time elapsed: 2.11 s <<< FAILURE! - in com.springbootpaytmpayment.SpringBootPaytmPaymentApplicationTests
com.springbootpaytmpayment.SpringBootPaytmPaymentApplicationTests  Time elapsed: 2.106 s  <<< ERROR!
java.lang.IllegalStateException: Unable to find a @SpringBootConfiguration, you need to use @ContextConfiguration or @SpringBootTest(classes=...) with your test

