<?xml version="1.0" encoding="UTF-8"?>
<testsuite xmlns:xsi="http://www.w3.org/2001/XMLSchema-instance" xsi:noNamespaceSchemaLocation="https://maven.apache.org/surefire/maven-surefire-plugin/xsd/surefire-test-report.xsd" name="com.springbootpaytmpayment.SpringBootPaytmPaymentApplicationTests" time="2.11" tests="1" errors="1" skipped="0" failures="0">
  <properties>
[...]
</properties>
  <testcase name="com.springbootpaytmpayment.SpringBootPaytmPaymentApplicationTests" classname="com.springbootpaytmpayment.SpringBootPaytmPaymentApplicationTests" time="2.106">
    <error message="Unable to find a @SpringBootConfiguration, you need to use @ContextConfiguration or @SpringBootTest(classes=...) with your test" type="java.lang.IllegalStateException">java.lang.IllegalStateException: Unable to find a @SpringBootConfiguration, you need to use @ContextConfiguration or @SpringBootTest(classes=...) with your test
</error>
    <system-out><![CDATA[15:14:51.937 [main] DEBUG org.springframework.test.context.BootstrapUtils - Instantiating CacheAwareContextLoaderDelegate from class [org.springframework.test.context.cache.DefaultCacheAwareContextLoaderDelegate]
15:14:51.985 [main] DEBUG org.springframework.test.context.BootstrapUtils - Instantiating BootstrapContext using constructor [public org.springframework.test.context.support.DefaultBootstrapContext(java.lang.Class,org.springframework.test.context.CacheAwareContextLoaderDelegate)]
15:14:52.068 [main] DEBUG org.springframework.test.context.BootstrapUtils - Instantiating TestContextBootstrapper for test class [com.springbootpaytmpayment.SpringBootPaytmPaymentApplicationTests] from class [org.springframework.boot.test.context.SpringBootTestContextBootstrapper]
15:14:52.116 [main] INFO org.springframework.boot.test.context.SpringBootTestContextBootstrapper - Neither @ContextConfiguration nor @ContextHierarchy found for test class [com.springbootpaytmpayment.SpringBootPaytmPaymentApplicationTests], using SpringBootContextLoader
15:14:52.131 [main] DEBUG org.springframework.test.context.support.AbstractContextLoader - Did not detect default resource location for test class [com.springbootpaytmpayment.SpringBootPaytmPaymentApplicationTests]: class path resource [com/springbootpaytmpayment/SpringBootPaytmPaymentApplicationTests-context.xml] does not exist
15:14:52.134 [main] DEBUG org.springframework.test.context.support.AbstractContextLoader - Did not detect default resource location for test class [com.springbootpaytmpayment.SpringBootPaytmPaymentApplicationTests]: class path resource [com/springbootpaytmpayment/SpringBootPaytmPaymentApplicationTestsContext.groovy] does not exist
15:14:52.134 [main] INFO org.springframework.test.context.support.AbstractContextLoader - Could not detect default resource locations for test class [com.springbootpaytmpayment.SpringBootPaytmPaymentApplicationTests]: no resource found for suffixes {-context.xml, Context.groovy}.
15:14:52.137 [main] INFO org.springframework.test.context.support.AnnotationConfigContextLoaderUtils - Could not detect default configuration classes for test class [com.springbootpaytmpayment.SpringBootPaytmPaymentApplicationTests]: SpringBootPaytmPaymentApplicationTests does not declare any static, non-private, non-final, nested classes annotated with @Configuration.
15:14:52.265 [main] DEBUG org.springframework.test.context.support.ActiveProfilesUtils - Could not find an 'annotation declaring class' for annotation type [org.springframework.test.context.ActiveProfiles] and class [com.springbootpaytmpayment.SpringBootPaytmPaymentApplicationTests]
15:14:52.402 [main] DEBUG org.springframework.test.context.BootstrapUtils - Instantiating CacheAwareContextLoaderDelegate from class [org.springframework.test.context.cache.DefaultCacheAwareContextLoaderDelegate]
15:14:52.402 [main] DEBUG org.springframework.test.context.BootstrapUtils - Instantiating BootstrapContext using constructor [public org.springframework.test.context.support.DefaultBootstrapContext(java.lang.Class,org.springframework.test.context.CacheAwareContextLoaderDelegate)]
15:14:52.403 [main] DEBUG org.springframework.test.context.BootstrapUtils - Instantiating TestContextBootstrapper for test class [com.springbootpaytmpayment.SpringBootPaytmPaymentApplicationTests] from class [org.springframework.boot.test.context.SpringBootTestContextBootstrapper]
15:14:52.405 [main] INFO org.springframework.boot.test.context.SpringBootTestContextBootstrapper - Neither @ContextConfiguration nor @ContextHierarchy found for test class [com.springbootpaytmpayment.SpringBootPaytmPaymentApplicationTests], using SpringBootContextLoader
15:14:52.405 [main] DEBUG org.springframework.test.context.support.AbstractContextLoader - Did not detect default resource location for test class [com.springbootpaytmpayment.SpringBootPaytmPaymentApplicationTests]: class path resource [com/springbootpaytmpayment/SpringBootPaytmPaymentApplicationTests-context.xml] does not exist
15:14:52.406 [main] DEBUG org.springframework.test.context.support.AbstractContextLoader - Did not detect default resource location for test class [com.springbootpaytmpayment.SpringBootPaytmPaymentApplicationTests]: class path resource [com/springbootpaytmpayment/SpringBootPaytmPaymentApplicationTestsContext.groovy] does not exist
15:14:52.407 [main] INFO org.springframework.test.context.support.AbstractContextLoader - Could not detect default resource locations for test class [com.springbootpaytmpayment.SpringBootPaytmPaymentApplicationTests]: no resource found for suffixes {-context.xml, Context.groovy}.
15:14:52.408 [main] INFO org.springframework.test.context.support.AnnotationConfigContextLoaderUtils - Could not detect default configuration classes for test class [com.springbootpaytmpayment.SpringBootPaytmPaymentApplicationTests]: SpringBootPaytmPaymentApplicationTests does not declare any static, non-private, non-final, nested classes annotated with @Configuration.
15:14:52.415 [main] DEBUG org.springframework.test.context.support.ActiveProfilesUtils - Could not find an 'annotation declaring class' for annotation type [org.springframework.test.context.ActiveProfiles] and class [com.springbootpaytmpayment.SpringBootPaytmPaymentApplicationTests]
15:14:52.457 [main] DEBUG org.springframework.test.context.BootstrapUtils - Instantiating CacheAwareContextLoaderDelegate from class [org.springframework.test.context.cache.DefaultCacheAwareContextLoaderDelegate]
15:14:52.458 [main] DEBUG org.springframework.test.context.BootstrapUtils - Instantiating BootstrapContext using constructor [public org.springframework.test.context.support.DefaultBootstrapContext(java.lang.Class,org.springframework.test.context.CacheAwareContextLoaderDelegate)]
15:14:52.460 [main] DEBUG org.springframework.test.context.BootstrapUtils - Instantiating TestContextBootstrapper for test class [com.springbootpaytmpayment.SpringBootPaytmPaymentApplicationTests] from class [org.springframework.boot.test.context.SpringBootTestContextBootstrapper]
15:14:52.466 [main] INFO org.springframework.boot.test.context.SpringBootTestContextBootstrapper - Neither @ContextConfiguration nor @ContextHierarchy found for test class [com.springbootpaytmpayment.SpringBootPaytmPaymentApplicationTests], using SpringBootContextLoader
15:14:52.468 [main] DEBUG org.springframework.test.context.support.AbstractContextLoader - Did not detect default resource location for test class [com.springbootpaytmpayment.SpringBootPaytmPaymentApplicationTests]: class path resource [com/springbootpaytmpayment/SpringBootPaytmPaymentApplicationTests-context.xml] does not exist
15:14:52.470 [main] DEBUG org.springframework.test.context.support.AbstractContextLoader - Did not detect default resource location for test class [com.springbootpaytmpayment.SpringBootPaytmPaymentApplicationTests]: class path resource [com/springbootpaytmpayment/SpringBootPaytmPaymentApplicationTestsContext.groovy] does not exist
15:14:52.470 [main] INFO org.springframework.test.context.support.AbstractContextLoader - Could not detect default resource locations for test class [com.springbootpaytmpayment.SpringBootPaytmPaymentApplicationTests]: no resource found for suffixes {-context.xml, Context.groovy}.
15:14:52.470 [main] INFO org.springframework.test.context.support.AnnotationConfigContextLoaderUtils - Could not detect default configuration classes for test class [com.springbootpaytmpayment.SpringBootPaytmPaymentApplicationTests]: SpringBootPaytmPaymentApplicationTests does not declare any static, non-private, non-final, nested classes annotated with @Configuration.
15:14:52.482 [main] DEBUG org.springframework.test.context.support.ActiveProfilesUtils - Could not find an 'annotation declaring class' for annotation type [org.springframework.test.context.ActiveProfiles] and class [com.springbootpaytmpayment.SpringBootPaytmPaymentApplicationTests]
]]></system-out>
  </testcase>
</testsuite>